[fetching]: Richard_J._Donovan_Correctional_Facility
[processed]: Richard_J._Donovan_Correctional_Facility
[fetching]: Edvard_Drabl%C3%B8s
[processed]: Edvard_Drabl%C3%B8s
[fetching]: Christopher_W._Grady
[processed]: Christopher_W._Grady
[fetching]: Adrienne_Arsht_Center_for_the_Performing_Arts
[processed]: Adrienne_Arsht_Center_for_the_Performing_Arts
[fetching]: The_Roar_of_the_Greasepaint_%E2%80%93_The_Smell_of_the_Crowd
[processed]: The_Roar_of_the_Greasepaint_%E2%80%93_The_Smell_of_the_Crowd
[fetching]: Siege_of_Basra
[processed]: Siege_of_Basra
[fetching]: William_Kenzo_Nakamura_United_States_Courthouse
[processed]: William_Kenzo_Nakamura_United_States_Courthouse
[fetching]: Freeman_of_the_City_of_London
[processed]: Freeman_of_the_City_of_London
[fetching]: There_Is_Nothing_Left_to_Lose
[processed]: There_Is_Nothing_Left_to_Lose
[fetching]: Liberties_of_the_Tower_of_London
[processed]: Liberties_of_the_Tower_of_London
[fetching]: House_Committee_on_Oversight_and_Government_Reform
[processed]: House_Committee_on_Oversight_and_Government_Reform
[fetching]: The_Curious_Incident_of_the_Dog_in_the_Night-Time_(play)
[processed]: The_Curious_Incident_of_the_Dog_in_the_Night-Time_(play)
[fetching]: Matthew_Henry
[processed]: Matthew_Henry
[fetching]: 16th_Battalion_(Australia)
[processed]: 16th_Battalion_(Australia)
[fetching]: Isabella_and_the_Pot_of_Basil
[processed]: Isabella_and_the_Pot_of_Basil
[fetching]: ISIL_(Da'esh)_and_Al-Qaida_Sanctions_Committee
[processed]: ISIL_(Da'esh)_and_Al-Qaida_Sanctions_Committee
[fetching]: Shakespeare_authorship_question
[processed]: Shakespeare_authorship_question
[fetching]: index.php
[processed]: index.php
[fetching]: Sherlock_Holmes_and_the_Secret_Weapon
[processed]: Sherlock_Holmes_and_the_Secret_Weapon
[fetching]: Richard_Levine_(director)
[processed]: Richard_Levine_(director)
[fetching]: Museu_do_%C3%8Dndio
[processed]: Museu_do_%C3%8Dndio
[fetching]: Building_the_Education_Revolution
[processed]: Building_the_Education_Revolution
[fetching]: Christianization_of_Kievan_Rus'
[processed]: Christianization_of_Kievan_Rus'
[fetching]: Mark_Robson_(film_director)
[processed]: Mark_Robson_(film_director)
[fetching]: Christianization_of_Kievan_Rus'
[processed]: Christianization_of_Kievan_Rus'
[fetching]: Andrew_Johnston_(critic)
[processed]: Andrew_Johnston_(critic)
[fetching]: Edmund_Anderson_(judge)
[processed]: Edmund_Anderson_(judge)
[fetching]: August_von_Voit
[processed]: August_von_Voit
[fetching]: Shuffle_Along,_or,_the_Making_of_the_Musical_Sensation_of_1921_and_All_That_Followed
[processed]: Shuffle_Along,_or,_the_Making_of_the_Musical_Sensation_of_1921_and_All_That_Followed
[fetching]: Resolution_proof_reduction_via_local_context_rewriting
[processed]: Resolution_proof_reduction_via_local_context_rewriting
[fetching]: George_III_of_Great_Britain
[processed]: George_III_of_Great_Britain
[fetching]: Aldrich_Hazen_Ames
[processed]: Aldrich_Hazen_Ames
[fetching]: Lenstra_elliptic-curve_factorization
[processed]: Lenstra_elliptic-curve_factorization
[fetching]: 28th_Canadian_Parliament
[processed]: 28th_Canadian_Parliament
[fetching]: Science_Fiction_Studies
[processed]: Science_Fiction_Studies
[fetching]: William_Raimond_Baird
[processed]: William_Raimond_Baird
[fetching]: Super_Bowl_XXXVIII_halftime_show_controversy
[processed]: Super_Bowl_XXXVIII_halftime_show_controversy
[fetching]: Travelcard_Zone_2
[processed]: Travelcard_Zone_2
[fetching]: Subprime_mortgage_crisis
[processed]: Subprime_mortgage_crisis
[fetching]: Boston_Women's_Heritage_Trail
[processed]: Boston_Women's_Heritage_Trail
[fetching]: index.php
[processed]: index.php
[fetching]: Battle_of_Asculum
[creating]: /home/gravy/docker/wiki.gravy.cc/src/routes/../public/wiki/Battle_of_Asculum.html
[fetching]: Post-war_social_democracy
[processed]: Battle_of_Asculum
[creating]: /home/gravy/docker/wiki.gravy.cc/src/routes/../public/wiki/Post-war_social_democracy.html
[fetching]: International_Alliance_of_Theatrical_Stage_Employees
[processed]: Post-war_social_democracy
[creating]: /home/gravy/docker/wiki.gravy.cc/src/routes/../public/wiki/International_Alliance_of_Theatrical_Stage_Employees.html
[fetching]: index.php
[processed]: International_Alliance_of_Theatrical_Stage_Employees
[processed]: index.php
[fetching]: History_of_abortion
[creating]: /home/gravy/docker/wiki.gravy.cc/src/routes/../public/wiki/History_of_abortion.html
[fetching]: index.php
[processed]: History_of_abortion
[processed]: index.php
[fetching]: Quantum_supremacy
[fetching]: Quantum_supremacy
[creating]: /home/gravy/docker/wiki.gravy.cc/src/routes/../public/wiki/Quantum_supremacy.html
[fetching]: Double_Platinum_(film)
[processed]: Quantum_supremacy
[processed]: Quantum_supremacy
[fetching]: Mathematical_coincidence
[fetching]: Mathematical_coincidence
[creating]: /home/gravy/docker/wiki.gravy.cc/src/routes/../public/wiki/Double_Platinum_(film).html
[creating]: /home/gravy/docker/wiki.gravy.cc/src/routes/../public/wiki/Mathematical_coincidence.html
[processed]: Double_Platinum_(film)
[processed]: Mathematical_coincidence
[fetching]: Griko_people
[processed]: Mathematical_coincidence
[creating]: /home/gravy/docker/wiki.gravy.cc/src/routes/../public/wiki/Griko_people.html
[processed]: Griko_people
[fetching]: Red_coat_(military_uniform)
[fetching]: Red_coat_(military_uniform)
[creating]: /home/gravy/docker/wiki.gravy.cc/src/routes/../public/wiki/Red_coat_(military_uniform).html
[processed]: Red_coat_(military_uniform)
[processed]: Red_coat_(military_uniform)
[fetching]: Bishop_of_Alabama
[fetching]: Bishop_of_Alabama
[creating]: /home/gravy/docker/wiki.gravy.cc/src/routes/../public/wiki/Bishop_of_Alabama.html
[processed]: Bishop_of_Alabama
[fetching]: Blue_wall_(U.S._politics)
[processed]: Bishop_of_Alabama
[creating]: /home/gravy/docker/wiki.gravy.cc/src/routes/../public/wiki/Blue_wall_(U.S._politics).html
[processed]: Blue_wall_(U.S._politics)
[fetching]: Theodore_Roosevelt_Island
[fetching]: Theodore_Roosevelt_Island
[creating]: /home/gravy/docker/wiki.gravy.cc/src/routes/../public/wiki/Theodore_Roosevelt_Island.html
[processed]: Theodore_Roosevelt_Island
[processed]: Theodore_Roosevelt_Island
[fetching]: National_Security_Council_
[fetching]: Washington,_D.C.
[fetching]: Washington,_D.C.
[creating]: /home/gravy/docker/wiki.gravy.cc/src/routes/../public/wiki/National_Security_Council_.html
[fetching]: Arcadia_(play)
[processed]: National_Security_Council_
[fetching]: Friends_with_Money
[processed]: Washington,_D.C.
[fetching]: Washington,_D.C.
[processed]: Washington,_D.C.
[fetching]: The_Mathematical_Association
[creating]: /home/gravy/docker/wiki.gravy.cc/src/routes/../public/wiki/Arcadia_(play).html
[processed]: Arcadia_(play)
[fetching]: Washington,_D.C.
[creating]: /home/gravy/docker/wiki.gravy.cc/src/routes/../public/wiki/Friends_with_Money.html
[processed]: Friends_with_Money
[processed]: Washington,_D.C.
[creating]: /home/gravy/docker/wiki.gravy.cc/src/routes/../public/wiki/The_Mathematical_Association.html
[fetching]: Washington,_D.C.
[processed]: The_Mathematical_Association
[fetching]: Washington,_D.C.
[fetching]: Washington,_D.C.
[fetching]: Washington,_D.C.
[processed]: Washington,_D.C.
[fetching]: Washington,_D.C.
[processed]: Washington,_D.C.
[fetching]: George_Cayley
[processed]: Washington,_D.C.
[fetching]: Washington,_D.C.
[fetching]: Harm's_Way_(novel)
[creating]: /home/gravy/docker/wiki.gravy.cc/src/routes/../public/wiki/George_Cayley.html
[fetching]: Washington,_D.C.
[processed]: George_Cayley
[fetching]: The_High_School
[processed]: Washington,_D.C.
[creating]: /home/gravy/docker/wiki.gravy.cc/src/routes/../public/wiki/Harm's_Way_(novel).html
[processed]: Harm's_Way_(novel)
[fetching]: Annals_of_Mathematics
[processed]: Washington,_D.C.
[fetching]: Washington,_D.C.
[creating]: /home/gravy/docker/wiki.gravy.cc/src/routes/../public/wiki/The_High_School.html
[processed]: The_High_School
[creating]: /home/gravy/docker/wiki.gravy.cc/src/routes/../public/wiki/Annals_of_Mathematics.html
[processed]: Annals_of_Mathematics
[fetching]: Washington,_D.C.
[processed]: Washington,_D.C.
[fetching]: Stephanie_Hannon
[fetching]: Washington,_D.C.
[processed]: Washington,_D.C.
[creating]: /home/gravy/docker/wiki.gravy.cc/src/routes/../public/wiki/Stephanie_Hannon.html
[processed]: Stephanie_Hannon
[fetching]: Washington,_D.C.
[processed]: Washington,_D.C.
[fetching]: Gian_Marco_Centinaio
[processed]: Washington,_D.C.
[fetching]: Washington,_D.C.
[creating]: /home/gravy/docker/wiki.gravy.cc/src/routes/../public/wiki/Gian_Marco_Centinaio.html
[fetching]: Domeyko_Fault
[processed]: Gian_Marco_Centinaio
[fetching]: Washington,_D.C.
[processed]: Washington,_D.C.
[fetching]: Otto_Preminger
[creating]: /home/gravy/docker/wiki.gravy.cc/src/routes/../public/wiki/Domeyko_Fault.html
[fetching]: Domicile_(law)
[processed]: Domeyko_Fault
[fetching]: Washington,_D.C.
[processed]: Washington,_D.C.
[fetching]: Brand_New_Cherry_Flavor
[creating]: /home/gravy/docker/wiki.gravy.cc/src/routes/../public/wiki/Otto_Preminger.html
[processed]: Otto_Preminger
[creating]: /home/gravy/docker/wiki.gravy.cc/src/routes/../public/wiki/Brand_New_Cherry_Flavor.html
[processed]: Brand_New_Cherry_Flavor
[creating]: /home/gravy/docker/wiki.gravy.cc/src/routes/../public/wiki/Domicile_(law).html
[processed]: Domicile_(law)
[fetching]: Washington,_D.C.
[fetching]: Washington,_D.C.
[processed]: Washington,_D.C.
[processed]: Washington,_D.C.
[fetching]: Washington,_D.C.
[fetching]: Hellenic_civilization
[processed]: Washington,_D.C.
[processed]: Washington,_D.C.
[fetching]: Washington,_D.C.
[fetching]: Washington,_D.C.
[fetching]: Neapolitan_cuisine
[processed]: Washington,_D.C.
[creating]: /home/gravy/docker/wiki.gravy.cc/src/routes/../public/wiki/Hellenic_civilization.html
[fetching]: Washington,_D.C.
[processed]: Hellenic_civilization
[processed]: Washington,_D.C.
[fetching]: Political_campaign_staff
[creating]: /home/gravy/docker/wiki.gravy.cc/src/routes/../public/wiki/Neapolitan_cuisine.html
[processed]: Washington,_D.C.
[processed]: Neapolitan_cuisine
[fetching]: Washington,_D.C.
[processed]: Washington,_D.C.
[processed]: Washington,_D.C.
[fetching]: South_Italian_ancient_Greek_pottery
[processed]: Washington,_D.C.
[fetching]: File:Grahambellmuseumcorridoor.jpg
[creating]: /home/gravy/docker/wiki.gravy.cc/src/routes/../public/wiki/Political_campaign_staff.html
[processed]: Political_campaign_staff
[fetching]: Washington,_D.C.
[fetching]: Ignazio_La_Russa
[processed]: Washington,_D.C.
[fetching]: Star_system
[fetching]: Washington,_D.C.
[fetching]: Washington,_D.C.
[processed]: Washington,_D.C.
[fetching]: Washington,_D.C.
[fetching]: Independent_(politics)
[processed]: Washington,_D.C.
[fetching]: The_Dancer_Upstairs_(film)
[fetching]: Guard_(gridiron_football)
[fetching]: Washington,_D.C.
[processed]: Washington,_D.C.
[fetching]: Totonicap%C3%A1n
[fetching]: Totonicap%C3%A1n
[creating]: /home/gravy/docker/wiki.gravy.cc/src/routes/../public/wiki/Totonicap%C3%A1n.html
[processed]: Totonicap%C3%A1n
[processed]: Totonicap%C3%A1n
[fetching]: Phil_Scott
[fetching]: Phil_Scott
[creating]: /home/gravy/docker/wiki.gravy.cc/src/routes/../public/wiki/Phil_Scott.html
[processed]: Phil_Scott
[fetching]: Mesopotamian_mythology
[fetching]: St_Kevin's_College,_Melbourne
[processed]: Phil_Scott
[creating]: /home/gravy/docker/wiki.gravy.cc/src/routes/../public/wiki/Mesopotamian_mythology.html
[processed]: Mesopotamian_mythology
[fetching]: Umm_al-Banin
[creating]: /home/gravy/docker/wiki.gravy.cc/src/routes/../public/wiki/St_Kevin's_College,_Melbourne.html
[processed]: St_Kevin's_College,_Melbourne
[creating]: /home/gravy/docker/wiki.gravy.cc/src/routes/../public/wiki/Umm_al-Banin.html
[processed]: Umm_al-Banin
[fetching]: Washington,_D.C.
[fetching]: Washington,_D.C.
[processed]: Washington,_D.C.
[fetching]: Washington,_D.C.
[processed]: Washington,_D.C.
[processed]: Washington,_D.C.
[fetching]: Washington,_D.C.
[fetching]: Washington,_D.C.
[fetching]: Kingdom_of_Hawai'i
[processed]: Washington,_D.C.
[fetching]: Washington,_D.C.
[processed]: Washington,_D.C.
[fetching]: Rainier_III
[fetching]: Rainier_III
[creating]: /home/gravy/docker/wiki.gravy.cc/src/routes/../public/wiki/Rainier_III.html
[processed]: Rainier_III
[fetching]: John_Baldacci
[processed]: Rainier_III
[fetching]: World_Immunization_Week
[fetching]: Battle_of_Karbala
[creating]: /home/gravy/docker/wiki.gravy.cc/src/routes/../public/wiki/John_Baldacci.html
[processed]: John_Baldacci
[creating]: /home/gravy/docker/wiki.gravy.cc/src/routes/../public/wiki/World_Immunization_Week.html
[fetching]: Optical_telescope
[processed]: World_Immunization_Week
[fetching]: Battle_of_Karbala
[creating]: /home/gravy/docker/wiki.gravy.cc/src/routes/../public/wiki/Battle_of_Karbala.html
[processed]: Battle_of_Karbala
[creating]: /home/gravy/docker/wiki.gravy.cc/src/routes/../public/wiki/Optical_telescope.html
[processed]: Optical_telescope
[processed]: Battle_of_Karbala
[fetching]: R._L._Burnside
[fetching]: Ad_fontes
[fetching]: William_Woodson
[fetching]: Second_Fitna
[fetching]: R._L._Burnside
[creating]: /home/gravy/docker/wiki.gravy.cc/src/routes/../public/wiki/R._L._Burnside.html
[processed]: R._L._Burnside
[fetching]: Star_system
[creating]: /home/gravy/docker/wiki.gravy.cc/src/routes/../public/wiki/Ad_fontes.html
[processed]: Ad_fontes
[creating]: /home/gravy/docker/wiki.gravy.cc/src/routes/../public/wiki/William_Woodson.html
[processed]: William_Woodson
[fetching]: Christopher_W._Grady
[fetching]: Second_Fitna
[creating]: /home/gravy/docker/wiki.gravy.cc/src/routes/../public/wiki/Second_Fitna.html
[processed]: Second_Fitna
[processed]: R._L._Burnside
[fetching]: Presentation_of_a_group
[creating]: /home/gravy/docker/wiki.gravy.cc/src/routes/../public/wiki/Star_system.html
[processed]: Star_system
[creating]: /home/gravy/docker/wiki.gravy.cc/src/routes/../public/wiki/Christopher_W._Grady.html
[fetching]: Cameron_Barracks
[processed]: Christopher_W._Grady
[processed]: Second_Fitna
[creating]: /home/gravy/docker/wiki.gravy.cc/src/routes/../public/wiki/Presentation_of_a_group.html
[processed]: Presentation_of_a_group
[creating]: /home/gravy/docker/wiki.gravy.cc/src/routes/../public/wiki/Cameron_Barracks.html
[processed]: Cameron_Barracks
[fetching]: Buccal_administration
[fetching]: Buccal_administration
[creating]: /home/gravy/docker/wiki.gravy.cc/src/routes/../public/wiki/Buccal_administration.html
[processed]: Buccal_administration
[fetching]: Angle_bisector
[processed]: Buccal_administration
[fetching]: Shorty_Crater
[fetching]: Sumer_(disambiguation)
[creating]: /home/gravy/docker/wiki.gravy.cc/src/routes/../public/wiki/Angle_bisector.html
[processed]: Angle_bisector
[fetching]: Shanghai_Television_Festival
[creating]: /home/gravy/docker/wiki.gravy.cc/src/routes/../public/wiki/Shorty_Crater.html
[processed]: Shorty_Crater
[fetching]: Sumer_(disambiguation)
[creating]: /home/gravy/docker/wiki.gravy.cc/src/routes/../public/wiki/Sumer_(disambiguation).html
[processed]: Sumer_(disambiguation)
[creating]: /home/gravy/docker/wiki.gravy.cc/src/routes/../public/wiki/Shanghai_Television_Festival.html
[processed]: Shanghai_Television_Festival
[processed]: Sumer_(disambiguation)
[fetching]: Non-Inscrits
[fetching]: Non-Inscrits
[creating]: /home/gravy/docker/wiki.gravy.cc/src/routes/../public/wiki/Non-Inscrits.html
[processed]: Non-Inscrits
[processed]: Non-Inscrits
[fetching]: Jean_Ausseil
[fetching]: Jean_Ausseil
[creating]: /home/gravy/docker/wiki.gravy.cc/src/routes/../public/wiki/Jean_Ausseil.html
[fetching]: South_Asia
[processed]: Jean_Ausseil
[fetching]: Gulf_of_Oman
[fetching]: Ethan_Maniquis
[processed]: Jean_Ausseil
[fetching]: China%E2%80%93Pakistan_border
[creating]: /home/gravy/docker/wiki.gravy.cc/src/routes/../public/wiki/South_Asia.html
[processed]: South_Asia
[fetching]: Greenspun_Media_Group
[fetching]: West_Asia
[creating]: /home/gravy/docker/wiki.gravy.cc/src/routes/../public/wiki/Gulf_of_Oman.html
[processed]: Gulf_of_Oman
[fetching]: Binary_function
[creating]: /home/gravy/docker/wiki.gravy.cc/src/routes/../public/wiki/Ethan_Maniquis.html
[processed]: Ethan_Maniquis
[creating]: /home/gravy/docker/wiki.gravy.cc/src/routes/../public/wiki/China%E2%80%93Pakistan_border.html
[processed]: China%E2%80%93Pakistan_border
[fetching]: Boston_Brahmin
[creating]: /home/gravy/docker/wiki.gravy.cc/src/routes/../public/wiki/Greenspun_Media_Group.html
[fetching]: West_Asia
[processed]: Greenspun_Media_Group
[creating]: /home/gravy/docker/wiki.gravy.cc/src/routes/../public/wiki/West_Asia.html
[fetching]: Nantasket_Beach
[processed]: West_Asia
[creating]: /home/gravy/docker/wiki.gravy.cc/src/routes/../public/wiki/Binary_function.html
[processed]: Binary_function
[fetching]: Irish_mythology
[creating]: /home/gravy/docker/wiki.gravy.cc/src/routes/../public/wiki/Boston_Brahmin.html
[processed]: Boston_Brahmin
[processed]: West_Asia
[fetching]: Gary_Kemp
[fetching]: 28th_Canadian_Parliament
[creating]: /home/gravy/docker/wiki.gravy.cc/src/routes/../public/wiki/Nantasket_Beach.html
[processed]: Nantasket_Beach
[fetching]: Eilat's_Coral_Beach
[creating]: /home/gravy/docker/wiki.gravy.cc/src/routes/../public/wiki/Irish_mythology.html
[processed]: Irish_mythology
[fetching]: Market_intervention
[creating]: /home/gravy/docker/wiki.gravy.cc/src/routes/../public/wiki/Gary_Kemp.html
[processed]: Gary_Kemp
[fetching]: The_Dancer_Upstairs_(film)
[fetching]: Eilat's_Coral_Beach
[creating]: /home/gravy/docker/wiki.gravy.cc/src/routes/../public/wiki/28th_Canadian_Parliament.html
[processed]: 28th_Canadian_Parliament
[fetching]: File:DoubleSharp.svg
[creating]: /home/gravy/docker/wiki.gravy.cc/src/routes/../public/wiki/Eilat's_Coral_Beach.html
[processed]: Eilat's_Coral_Beach
[creating]: /home/gravy/docker/wiki.gravy.cc/src/routes/../public/wiki/Market_intervention.html
[processed]: Market_intervention
[fetching]: Order_of_Princely_Heritage
[creating]: /home/gravy/docker/wiki.gravy.cc/src/routes/../public/wiki/The_Dancer_Upstairs_(film).html
[processed]: The_Dancer_Upstairs_(film)
[processed]: Eilat's_Coral_Beach
[fetching]: Marriage_(Same_Sex_Couples)_Act_2013
[creating]: /home/gravy/docker/wiki.gravy.cc/src/routes/../public/wiki/File:DoubleSharp.svg.html
[processed]: File:DoubleSharp.svg
[creating]: /home/gravy/docker/wiki.gravy.cc/src/routes/../public/wiki/Order_of_Princely_Heritage.html
[processed]: Order_of_Princely_Heritage
[fetching]: Buddy_Miles
[creating]: /home/gravy/docker/wiki.gravy.cc/src/routes/../public/wiki/Marriage_(Same_Sex_Couples)_Act_2013.html
[processed]: Marriage_(Same_Sex_Couples)_Act_2013
[fetching]: Abb%C3%A9_de_Mably
[fetching]: Antiretroviral_drug
[creating]: /home/gravy/docker/wiki.gravy.cc/src/routes/../public/wiki/Buddy_Miles.html
[fetching]: William_Hathorne
[processed]: Buddy_Miles
[creating]: /home/gravy/docker/wiki.gravy.cc/src/routes/../public/wiki/Abb%C3%A9_de_Mably.html
[processed]: Abb%C3%A9_de_Mably
[creating]: /home/gravy/docker/wiki.gravy.cc/src/routes/../public/wiki/Antiretroviral_drug.html
[processed]: Antiretroviral_drug
[fetching]: Division_of_Wills
[creating]: /home/gravy/docker/wiki.gravy.cc/src/routes/../public/wiki/William_Hathorne.html
[processed]: William_Hathorne
[creating]: /home/gravy/docker/wiki.gravy.cc/src/routes/../public/wiki/Division_of_Wills.html
[processed]: Division_of_Wills
[fetching]: Coral_reef
[fetching]: Coral_reef
[fetching]: Proteolysis
[fetching]: Coral_reef
[creating]: /home/gravy/docker/wiki.gravy.cc/src/routes/../public/wiki/Coral_reef.html
[processed]: Coral_reef
[fetching]: Old_Parliament_House,_Canberra
[processed]: Coral_reef
[creating]: /home/gravy/docker/wiki.gravy.cc/src/routes/../public/wiki/Proteolysis.html
[processed]: Proteolysis
[fetching]: Measurement_in_quantum_mechanics
[processed]: Coral_reef
[creating]: /home/gravy/docker/wiki.gravy.cc/src/routes/../public/wiki/Old_Parliament_House,_Canberra.html
[processed]: Old_Parliament_House,_Canberra
[fetching]: Iapetus_(mythology)
[fetching]: Pacific_Daylight_Time
[creating]: /home/gravy/docker/wiki.gravy.cc/src/routes/../public/wiki/Measurement_in_quantum_mechanics.html
[fetching]: Francis_Coppola
[processed]: Measurement_in_quantum_mechanics
[fetching]: Calochortus_nuttallii
[creating]: /home/gravy/docker/wiki.gravy.cc/src/routes/../public/wiki/Iapetus_(mythology).html
[processed]: Iapetus_(mythology)
[creating]: /home/gravy/docker/wiki.gravy.cc/src/routes/../public/wiki/Pacific_Daylight_Time.html
[fetching]: Administrative_Law_Judge
[processed]: Pacific_Daylight_Time
[creating]: /home/gravy/docker/wiki.gravy.cc/src/routes/../public/wiki/Francis_Coppola.html
[processed]: Francis_Coppola
[fetching]: Film_Finance_Corporation_Australia
[creating]: /home/gravy/docker/wiki.gravy.cc/src/routes/../public/wiki/Calochortus_nuttallii.html
[fetching]: Anthozoa
[processed]: Calochortus_nuttallii
[fetching]: Exoskeleton
[creating]: /home/gravy/docker/wiki.gravy.cc/src/routes/../public/wiki/Administrative_Law_Judge.html
[processed]: Administrative_Law_Judge
[fetching]: Sponge
[creating]: /home/gravy/docker/wiki.gravy.cc/src/routes/../public/wiki/Film_Finance_Corporation_Australia.html
[processed]: Film_Finance_Corporation_Australia
[fetching]: Chris_Noth
[creating]: /home/gravy/docker/wiki.gravy.cc/src/routes/../public/wiki/Anthozoa.html
[fetching]: Sponge
[processed]: Anthozoa
[fetching]: Sponge
[fetching]: Sponge
[fetching]: Sponge
[fetching]: Sponge
[fetching]: Sponge
[fetching]: Sponge
[fetching]: Sponge
[fetching]: Sponge
[fetching]: Sponge
[fetching]: Sponge
[fetching]: Sponge
[fetching]: Sponge
[fetching]: Sponge
[creating]: /home/gravy/docker/wiki.gravy.cc/src/routes/../public/wiki/Exoskeleton.html
[fetching]: Pharmaceutical_companies
[processed]: Exoskeleton
[fetching]: Sponge
[creating]: /home/gravy/docker/wiki.gravy.cc/src/routes/../public/wiki/Sponge.html
[processed]: Sponge
[fetching]: Unley_High_School
[creating]: /home/gravy/docker/wiki.gravy.cc/src/routes/../public/wiki/Chris_Noth.html
[processed]: Chris_Noth
[processed]: Sponge
[fetching]: Bidayat_dialect
[processed]: Sponge
[processed]: Sponge
[processed]: Sponge
[fetching]: Jimmy_Shine
[processed]: Sponge
[processed]: Sponge
[processed]: Sponge
[fetching]: Racing_game
[processed]: Sponge
[processed]: Sponge
[processed]: Sponge
[fetching]: Ute_tribe
[processed]: Sponge
[processed]: Sponge
[fetching]: Scheme_(mathematics)
[processed]: Sponge
[processed]: Sponge
[creating]: /home/gravy/docker/wiki.gravy.cc/src/routes/../public/wiki/Pharmaceutical_companies.html
[fetching]: Lunar_Module_Eagle
[processed]: Pharmaceutical_companies
[processed]: Sponge
[fetching]: Alyson_Hannigan
[creating]: /home/gravy/docker/wiki.gravy.cc/src/routes/../public/wiki/Unley_High_School.html
[fetching]: New_York_State_Health_Department
[processed]: Unley_High_School
[creating]: /home/gravy/docker/wiki.gravy.cc/src/routes/../public/wiki/Bidayat_dialect.html
[processed]: Bidayat_dialect
[fetching]: Max_Brooks
[fetching]: Max_Brooks
[creating]: /home/gravy/docker/wiki.gravy.cc/src/routes/../public/wiki/Max_Brooks.html
[processed]: Max_Brooks
[fetching]: Michael_Emerson
[processed]: Max_Brooks
[creating]: /home/gravy/docker/wiki.gravy.cc/src/routes/../public/wiki/Michael_Emerson.html
[processed]: Michael_Emerson
[fetching]: Statistical_inference
[creating]: /home/gravy/docker/wiki.gravy.cc/src/routes/../public/wiki/Statistical_inference.html
[processed]: Statistical_inference
[fetching]: Luke_Spencer
[fetching]: Wellingborough_School
[fetching]: Luke_Spencer
[creating]: /home/gravy/docker/wiki.gravy.cc/src/routes/../public/wiki/Luke_Spencer.html
[processed]: Luke_Spencer
[fetching]: Sadler's_Wells
[creating]: /home/gravy/docker/wiki.gravy.cc/src/routes/../public/wiki/Wellingborough_School.html
[processed]: Wellingborough_School
[processed]: Luke_Spencer
[fetching]: Flow_(mathematics)
[creating]: /home/gravy/docker/wiki.gravy.cc/src/routes/../public/wiki/Sadler's_Wells.html
[processed]: Sadler's_Wells
[creating]: /home/gravy/docker/wiki.gravy.cc/src/routes/../public/wiki/Flow_(mathematics).html
[fetching]: William_E._Niblack
[processed]: Flow_(mathematics)
[creating]: /home/gravy/docker/wiki.gravy.cc/src/routes/../public/wiki/William_E._Niblack.html
[processed]: William_E._Niblack
[fetching]: Universe_(mathematics)
